#
# There is insufficient memory for the Java Runtime Environment to continue.
# Native memory allocation (mmap) failed to map 532676608 bytes. Error detail: G1 virtual space
# Possible reasons:
#   The system is out of physical RAM or swap space
#   This process is running with CompressedOops enabled, and the Java Heap may be blocking the growth of the native heap
# Possible solutions:
#   Reduce memory load on the system
#   Increase physical memory or swap space
#   Check if swap backing store is full
#   Decrease Java heap size (-Xmx/-Xms)
#   Decrease number of Java threads
#   Decrease Java thread stack sizes (-Xss)
#   Set larger code cache with -XX:ReservedCodeCacheSize=
#   JVM is running with Zero Based Compressed Oops mode in which the Java heap is
#     placed in the first 32GB address space. The Java Heap base address is the
#     maximum limit for the native heap growth. Please use -XX:HeapBaseMinAddress
#     to set the Java Heap base and to place the Java Heap above 32GB virtual address.
# This output file may be truncated or incomplete.
#
#  Out of Memory Error (os_windows.cpp:3690), pid=56056, tid=56080
#
# JRE version:  (21.0.4+7) (build )
# Java VM: OpenJDK 64-Bit Server VM (21.0.4+7-LTS, mixed mode, sharing, tiered, compressed oops, compressed class ptrs, g1 gc, windows-amd64)
# No core dump will be written. Minidumps are not enabled by default on client versions of Windows
#

---------------  S U M M A R Y ------------

Command Line: -XX:+ShowCodeDetailsInExceptionMessages -agentlib:jdwp=transport=dt_socket,suspend=y,address=localhost:55623 -javaagent:C:\Users\Én\eclipse\java-2025-03\eclipse\configuration\org.eclipse.osgi\249\0\.cp\lib\javaagent-shaded.jar -Dfile.encoding=UTF-8 -Dstdout.encoding=UTF-8 -Dstderr.encoding=UTF-8 fungorium.Main

Host: Intel(R) Core(TM) i9-10920X CPU @ 3.50GHz, 24 cores, 31G,  Windows 10 , 64 bit Build 19041 (10.0.19041.5678)
Time: Thu May  8 22:28:53 2025 Közép-európai nyári iduild 19041 (10.0.19041.5678) elapsed time: 0.008330 seconds (0d 0h 0m 0s)

---------------  T H R E A D  ---------------

Current thread (0x0000027376c104b0):  JavaThread "Unknown thread" [_thread_in_vm, id=56080, stack(0x000000fff7b00000,0x000000fff7c00000) (1024K)]

Stack: [0x000000fff7b00000,0x000000fff7c00000]
Native frames: (J=compiled Java code, j=interpreted, Vv=VM code, C=native code)
V  [jvm.dll+0x6d2d39]
V  [jvm.dll+0x8ad0b1]
V  [jvm.dll+0x8af5de]
V  [jvm.dll+0x8afcb3]
V  [jvm.dll+0x27fa86]
V  [jvm.dll+0x6cf5d5]
V  [jvm.dll+0x6c39aa]
V  [jvm.dll+0x35a1c8]
V  [jvm.dll+0x361e26]
V  [jvm.dll+0x3b307e]
V  [jvm.dll+0x3b3328]
V  [jvm.dll+0x32e26c]
V  [jvm.dll+0x32edcb]
V  [jvm.dll+0x875f19]
V  [jvm.dll+0x3bfff1]
V  [jvm.dll+0x85f133]
V  [jvm.dll+0x45560e]
V  [jvm.dll+0x457251]
C  [jli.dll+0x52a0]
C  [ucrtbase.dll+0x21bb2]
C  [KERNEL32.DLL+0x17374]
C  [ntdll.dll+0x4cc91]


---------------  P R O C E S S  ---------------

Threads class SMR info:
_java_thread_list=0x00007ffced60b0c8, length=0, elements={
}

Java Threads: ( => current thread )
Total: 0

Other Threads:
  0x0000027376e86b10 WorkerThread "GC Thread#0"                     [id=56028, stack(0x000000fff7c00000,0x000000fff7d00000) (1024K)]
  0x0000027376e98200 ConcurrentGCThread "G1 Main Marker"            [id=56040, stack(0x000000fff7d00000,0x000000fff7e00000) (1024K)]
  0x0000027376e98d00 WorkerThread "G1 Conc#0"                       [id=56032, stack(0x000000fff7e00000,0x000000fff7f00000) (1024K)]

[error occurred during error reporting (printing all threads), id 0xc0000005, EXCEPTION_ACCESS_VIOLATION (0xc0000005) at pc=0x00007ffcecd10bb7]
VM state: not at safepoint (not fully initialized)

VM Mutex/Monitor currently owned by a thread:  ([mutex/lock_event])
[0x00007ffced67f578] Heap_lock - owner thread: 0x0000027376c104b0

Heap address: 0x0000000604800000, size: 8120 MB, Compressed Oops mode: Zero based, Oop shift amount: 3

CDS archive(s) mapped at: [0x0000000000000000-0x0000000000000000-0x0000000000000000), size 0, SharedBaseAddress: 0x0000000800000000, ArchiveRelocationMode: 1.
Narrow klass base: 0x0000000000000000, Narrow klass shift: 0, Narrow klass range: 0x0

GC Precious Log:
 CardTable entry size: 512
 Card Set container configuration: InlinePtr #cards 4 size 8 Array Of Cards #cards 32 size 80 Howl #buckets 8 coarsen threshold 7372 Howl Bitmap #cards 1024 size 144 coarsen threshold 921 Card regions per heap region 1 cards per card region 8192

Heap:
 garbage-first heap   total 0K, used 0K [0x0000000604800000, 0x0000000800000000)
  region size 4096K, 0 young (0K), 0 survivors (0K)

[error occurred during error reporting (printing heap information), id 0xc0000005, EXCEPTION_ACCESS_VIOLATION (0xc0000005) at pc=0x00007ffced0fcd39]
GC Heap History (0 events):
No events

Dll operation events (1 events):
Event: 0.006 Loaded shared library C:\Program Files\Java\jdk-21.0.4+7\bin\java.dll

Deoptimization events (0 events):
No events

Classes loaded (0 events):
No events

Classes unloaded (0 events):
No events

Classes redefined (0 events):
No events

Internal exceptions (0 events):
No events

ZGC Phase Switch (0 events):
No events

VM Operations (0 events):
No events

Memory protections (0 events):
No events

Nmethod flushes (0 events):
No events

Events (0 events):
No events


Dynamic libraries:
0x00007ff722a10000 - 0x00007ff722a1e000 	C:\Program Files\Java\jdk-21.0.4+7\bin\javaw.exe
0x00007ffd75d30000 - 0x00007ffd75f28000 	C:\Windows\SYSTEM32\ntdll.dll
0x00007ffd74f90000 - 0x00007ffd75052000 	C:\Windows\System32\KERNEL32.DLL
0x00007ffd73460000 - 0x00007ffd73756000 	C:\Windows\System32\KERNELBASE.dll
0x00007ffd73840000 - 0x00007ffd73940000 	C:\Windows\System32\ucrtbase.dll
0x00007ffd58fd0000 - 0x00007ffd58fed000 	C:\Program Files\Java\jdk-21.0.4+7\bin\VCRUNTIME140.dll
0x00007ffd4deb0000 - 0x00007ffd4dec8000 	C:\Program Files\Java\jdk-21.0.4+7\bin\jli.dll
0x00007ffd752a0000 - 0x00007ffd7543d000 	C:\Windows\System32\USER32.dll
0x00007ffd73aa0000 - 0x00007ffd73ac2000 	C:\Windows\System32\win32u.dll
0x00007ffd5be90000 - 0x00007ffd5c12a000 	C:\Windows\WinSxS\amd64_microsoft.windows.common-controls_6595b64144ccf1df_6.0.19041.4355_none_60b8b9eb71f62e16\COMCTL32.dll
0x00007ffd75ca0000 - 0x00007ffd75ccb000 	C:\Windows\System32\GDI32.dll
0x00007ffd73bb0000 - 0x00007ffd73cca000 	C:\Windows\System32\gdi32full.dll
0x00007ffd75550000 - 0x00007ffd755ee000 	C:\Windows\System32\msvcrt.dll
0x00007ffd733c0000 - 0x00007ffd7345d000 	C:\Windows\System32\msvcp_win.dll
0x00007ffd75440000 - 0x00007ffd7546f000 	C:\Windows\System32\IMM32.DLL
0x00007ffd6a6d0000 - 0x00007ffd6a6dc000 	C:\Program Files\Java\jdk-21.0.4+7\bin\vcruntime140_1.dll
0x00007ffd33560000 - 0x00007ffd335ed000 	C:\Program Files\Java\jdk-21.0.4+7\bin\msvcp140.dll
0x00007ffcec9d0000 - 0x00007ffced760000 	C:\Program Files\Java\jdk-21.0.4+7\bin\server\jvm.dll
0x00007ffd751e0000 - 0x00007ffd7528f000 	C:\Windows\System32\ADVAPI32.dll
0x00007ffd740d0000 - 0x00007ffd7416f000 	C:\Windows\System32\sechost.dll
0x00007ffd73fa0000 - 0x00007ffd740c3000 	C:\Windows\System32\RPCRT4.dll
0x00007ffd73760000 - 0x00007ffd73787000 	C:\Windows\System32\bcrypt.dll
0x00007ffd75870000 - 0x00007ffd758db000 	C:\Windows\System32\WS2_32.dll
0x00007ffd72950000 - 0x00007ffd7299b000 	C:\Windows\SYSTEM32\POWRPROF.dll
0x00007ffd636f0000 - 0x00007ffd63717000 	C:\Windows\SYSTEM32\WINMM.dll
0x00007ffd6c420000 - 0x00007ffd6c42a000 	C:\Windows\SYSTEM32\VERSION.dll
0x00007ffd727c0000 - 0x00007ffd727d2000 	C:\Windows\SYSTEM32\UMPDC.dll
0x00007ffd71180000 - 0x00007ffd71192000 	C:\Windows\SYSTEM32\kernel.appcore.dll
0x00007ffd6a740000 - 0x00007ffd6a74a000 	C:\Program Files\Java\jdk-21.0.4+7\bin\jimage.dll
0x00007ffd62db0000 - 0x00007ffd62f94000 	C:\Windows\SYSTEM32\DBGHELP.DLL
0x00007ffd4e590000 - 0x00007ffd4e5c4000 	C:\Windows\SYSTEM32\dbgcore.DLL
0x00007ffd73b20000 - 0x00007ffd73ba2000 	C:\Windows\System32\bcryptPrimitives.dll
0x00007ffd51980000 - 0x00007ffd519bc000 	C:\Program Files\Java\jdk-21.0.4+7\bin\jdwp.dll
0x00007ffd6a6e0000 - 0x00007ffd6a6ef000 	C:\Program Files\Java\jdk-21.0.4+7\bin\instrument.dll
0x00007ffd6a6f0000 - 0x00007ffd6a710000 	C:\Program Files\Java\jdk-21.0.4+7\bin\java.dll

dbghelp: loaded successfully - version: 4.0.5 - missing functions: none
symbol engine: initialized successfully - sym options: 0x614 - pdb path: .;C:\Program Files\Java\jdk-21.0.4+7\bin;C:\Windows\SYSTEM32;C:\Windows\WinSxS\amd64_microsoft.windows.common-controls_6595b64144ccf1df_6.0.19041.4355_none_60b8b9eb71f62e16;C:\Program Files\Java\jdk-21.0.4+7\bin\server

VM Arguments:
jvm_args: -XX:+ShowCodeDetailsInExceptionMessages -agentlib:jdwp=transport=dt_socket,suspend=y,address=localhost:55623 -javaagent:C:\Users\Én\eclipse\java-2025-03\eclipse\configuration\org.eclipse.osgi\249\0\.cp\lib\javaagent-shaded.jar -Dfile.encoding=UTF-8 -Dstdout.encoding=UTF-8 -Dstderr.encoding=UTF-8 
java_command: fungorium.Main
java_class_path (initial): C:\Users\Én\git\rivendell_projlab\bin
Launcher Type: SUN_STANDARD

[Global flags]
     intx CICompilerCount                          = 12                                        {product} {ergonomic}
     uint ConcGCThreads                            = 5                                         {product} {ergonomic}
     uint G1ConcRefinementThreads                  = 18                                        {product} {ergonomic}
   size_t G1HeapRegionSize                         = 4194304                                   {product} {ergonomic}
    uintx GCDrainStackTargetSize                   = 64                                        {product} {ergonomic}
   size_t InitialHeapSize                          = 532676608                                 {product} {ergonomic}
   size_t MarkStackSize                            = 4194304                                   {product} {ergonomic}
   size_t MaxHeapSize                              = 8514437120                                {product} {ergonomic}
   size_t MinHeapDeltaBytes                        = 4194304                                   {product} {ergonomic}
   size_t MinHeapSize                              = 8388608                                   {product} {ergonomic}
    uintx NonNMethodCodeHeapSize                   = 7602480                                {pd product} {ergonomic}
    uintx NonProfiledCodeHeapSize                  = 122027880                              {pd product} {ergonomic}
    uintx ProfiledCodeHeapSize                     = 122027880                              {pd product} {ergonomic}
    uintx ReservedCodeCacheSize                    = 251658240                              {pd product} {ergonomic}
     bool SegmentedCodeCache                       = true                                      {product} {ergonomic}
     bool ShowCodeDetailsInExceptionMessages       = true                                   {manageable} {command line}
   size_t SoftMaxHeapSize                          = 8514437120                             {manageable} {ergonomic}
     bool UseCompressedOops                        = true                           {product lp64_product} {ergonomic}
     bool UseG1GC                                  = true                                      {product} {ergonomic}
     bool UseLargePagesIndividualAllocation        = false                                  {pd product} {ergonomic}

Logging:
Log output configuration:
 #0: stdout all=warning uptime,level,tags foldmultilines=false
 #1: stderr all=off uptime,level,tags foldmultilines=false

Environment Variables:
JAVA_HOME=C:\Program Files\Java\jdk-21.0.4+7\
PATH=C:/Program Files/Java/jdk-21.0.4+7/bin/server;C:/Program Files/Java/jdk-21.0.4+7/bin;C:\Program Files\Common Files\Oracle\Java\javapath;C:\Program Files (x86)\VMware\VMware Player\bin\;C:\WATCOM\BINNT;C:\WATCOM\BINW;C:\Windows\system32;C:\Windows;C:\Windows\System32\Wbem;C:\Windows\System32\WindowsPowerShell\v1.0\;C:\Windows\System32\OpenSSH\;C:\Program Files (x86)\NVIDIA Corporation\PhysX\Common;C:\Users\Én\AppData\Local\Microsoft\WindowsApps;C:\Python27;C:\Python27\Scripts;C:\Users\Én\AppData\Local\CIRCLE;C:\Program Files\PuTTY\;C:\Program Files\Maven\apache-maven-3.9.9\bin;C:\Program Files\Java\jdk-21.0.4+7\\bin;C:\Program Files\NVIDIA Corporation\NVIDIA app\NvDLISR;C:\Program Files (x86)\Windows Kits\10\Windows Performance Toolkit\;C:\Program Files\dotnet\;C:\Program Files\Git\cmd;C:\Users\Én\AppData\Local\Microsoft\WindowsApps;C:\Users\Én\AppData\Local\Programs\Microsoft VS Code\bin;C:\Users\Én\.dotnet\tools;C:\Windows\system32;
USERNAME=Én
OS=Windows_NT
PROCESSOR_IDENTIFIER=Intel64 Family 6 Model 85 Stepping 7, GenuineIntel
TMP=C:\Users\N7409~1\AppData\Local\Temp
TEMP=C:\Users\N7409~1\AppData\Local\Temp




Periodic native trim disabled

---------------  S Y S T E M  ---------------

OS:
 Windows 10 , 64 bit Build 19041 (10.0.19041.5678)
OS uptime: 6 days 10:36 hours

CPU: total 24 (initial active 24) (12 cores per cpu, 2 threads per core) family 6 model 85 stepping 7 microcode 0x500012c, cx8, cmov, fxsr, ht, mmx, 3dnowpref, sse, sse2, sse3, ssse3, sse4.1, sse4.2, popcnt, lzcnt, tsc, tscinvbit, avx, avx2, aes, erms, clmul, bmi1, bmi2, adx, avx512f, avx512dq, avx512cd, avx512bw, avx512vl, fma, vzeroupper, avx512_vnni, clflush, clflushopt, clwb, rdtscp, f16c
Processor Information for the first 24 processors :
  Max Mhz: 3504, Current Mhz: 3504, Mhz Limit: 3504

Memory: 4k page, system-wide physical 32467M (12796M free)
TotalPageFile size 91941M (AvailPageFile size 253M)
current process WorkingSet (physical memory assigned to process): 11M, peak: 11M
current process commit charge ("private bytes"): 81M, peak: 589M

vm_info: OpenJDK 64-Bit Server VM (21.0.4+7-LTS) for windows-amd64 JRE (21.0.4+7-LTS), built on 2024-07-16T17:40:50Z by "MicrosoftCorporation" with unknown MS VC++:1939

END.
